<?xml version="1.0" encoding="UTF-8"?>
<!-- Generated by org.testng.reporters.JUnitXMLReporter -->
<testsuite ignored="8" hostname="SwechaAntara" failures="4" tests="28" name="Surefire test" time="5.41" errors="0" timestamp="2023-08-27T12:49:41 JST">
  <testcase classname="com.qa.opencart.tests.AccountsPageTest" name="@BeforeClass getLoginPageSetUp" time="0.001">
    <failure type="java.lang.NullPointerException" message="Cannot invoke &amp;quot;java.util.Properties.getProperty(String)&amp;quot; because &amp;quot;this.prop&amp;quot; is null">
      <![CDATA[java.lang.NullPointerException: Cannot invoke "java.util.Properties.getProperty(String)" because "this.prop" is null
at com.qa.opencart.tests.AccountsPageTest.getLoginPageSetUp(AccountsPageTest.java:18)
at java.base/java.util.ArrayList.forEach(ArrayList.java:1511)
... Removed 28 stack frames]]>
    </failure>
  </testcase> <!-- @BeforeClass getLoginPageSetUp -->
  <testcase classname="com.qa.opencart.tests.ProductInfoTest" name="@BeforeClass prodInfoSetUp" time="0.001">
    <failure type="java.lang.NullPointerException" message="Cannot invoke &amp;quot;java.util.Properties.getProperty(String)&amp;quot; because &amp;quot;this.prop&amp;quot; is null">
      <![CDATA[java.lang.NullPointerException: Cannot invoke "java.util.Properties.getProperty(String)" because "this.prop" is null
at com.qa.opencart.tests.ProductInfoTest.prodInfoSetUp(ProductInfoTest.java:17)
at java.base/java.util.ArrayList.forEach(ArrayList.java:1511)
... Removed 28 stack frames]]>
    </failure>
  </testcase> <!-- @BeforeClass prodInfoSetUp -->
  <testcase classname="com.qa.opencart.tests.RegisterPageTest" name="@BeforeClass registerPageSetUp" time="0.0">
    <failure type="java.lang.NullPointerException" message="Cannot invoke &amp;quot;com.qa.opencart.pages.LoginPage.navigateToRegisterPage()&amp;quot; because &amp;quot;this.loginpage&amp;quot; is null">
      <![CDATA[java.lang.NullPointerException: Cannot invoke "com.qa.opencart.pages.LoginPage.navigateToRegisterPage()" because "this.loginpage" is null
at com.qa.opencart.tests.RegisterPageTest.registerPageSetUp(RegisterPageTest.java:17)
at java.base/java.util.ArrayList.forEach(ArrayList.java:1511)
... Removed 28 stack frames]]>
    </failure>
  </testcase> <!-- @BeforeClass registerPageSetUp -->
  <testcase classname="com.qa.opencart.tests.AccountsPageTest" name="accPageHeadersCountTest" time="0.0">
    <skipped/>
  </testcase> <!-- accPageHeadersCountTest -->
  <testcase classname="com.qa.opencart.tests.AccountsPageTest" name="accPageHeadersTest" time="0.0">
    <skipped/>
  </testcase> <!-- accPageHeadersTest -->
  <testcase classname="com.qa.opencart.tests.AccountsPageTest" name="accPageTitleTest" time="0.0">
    <skipped/>
  </testcase> <!-- accPageTitleTest -->
  <testcase classname="com.qa.opencart.tests.AccountsPageTest" name="logoutLinkExistTest" time="0.0">
    <skipped/>
  </testcase> <!-- logoutLinkExistTest -->
  <testcase classname="com.qa.opencart.tests.AccountsPageTest" name="searchTest" time="0.0">
    <skipped/>
  </testcase> <!-- searchTest -->
  <testcase classname="com.qa.opencart.tests.AccountsPageTest" name="searchTest" time="0.0">
    <skipped/>
  </testcase> <!-- searchTest -->
  <testcase classname="com.qa.opencart.tests.AccountsPageTest" name="searchTest" time="0.0">
    <skipped/>
  </testcase> <!-- searchTest -->
  <testcase classname="com.qa.opencart.tests.AccountsPageTest" name="searchTest" time="0.0">
    <skipped/>
  </testcase> <!-- searchTest -->
  <testcase classname="com.qa.opencart.tests.LoginPageTest" name="loginPageTitleTest" time="0.001">
    <failure type="java.lang.NullPointerException" message="Cannot invoke &amp;quot;com.qa.opencart.pages.LoginPage.getLoginPageTitle()&amp;quot; because &amp;quot;this.loginpage&amp;quot; is null">
      <![CDATA[java.lang.NullPointerException: Cannot invoke "com.qa.opencart.pages.LoginPage.getLoginPageTitle()" because "this.loginpage" is null
at com.qa.opencart.tests.LoginPageTest.loginPageTitleTest(LoginPageTest.java:13)
at java.base/java.util.ArrayList.forEach(ArrayList.java:1511)
... Removed 30 stack frames]]>
    </failure>
  </testcase> <!-- loginPageTitleTest -->
  <testcase classname="com.qa.opencart.tests.LoginPageTest" name="getLoginPageURLTest" time="0.0">
    <failure type="java.lang.NullPointerException" message="Cannot invoke &amp;quot;com.qa.opencart.pages.LoginPage.getLoginPageURL()&amp;quot; because &amp;quot;this.loginpage&amp;quot; is null">
      <![CDATA[java.lang.NullPointerException: Cannot invoke "com.qa.opencart.pages.LoginPage.getLoginPageURL()" because "this.loginpage" is null
at com.qa.opencart.tests.LoginPageTest.getLoginPageURLTest(LoginPageTest.java:19)
at java.base/java.util.ArrayList.forEach(ArrayList.java:1511)
... Removed 30 stack frames]]>
    </failure>
  </testcase> <!-- getLoginPageURLTest -->
  <testcase classname="com.qa.opencart.tests.LoginPageTest" name="isForgotPwdLinkExistTest" time="0.001">
    <failure type="java.lang.NullPointerException" message="Cannot invoke &amp;quot;com.qa.opencart.pages.LoginPage.isForgotPwdLinkExist()&amp;quot; because &amp;quot;this.loginpage&amp;quot; is null">
      <![CDATA[java.lang.NullPointerException: Cannot invoke "com.qa.opencart.pages.LoginPage.isForgotPwdLinkExist()" because "this.loginpage" is null
at com.qa.opencart.tests.LoginPageTest.isForgotPwdLinkExistTest(LoginPageTest.java:25)
at java.base/java.util.ArrayList.forEach(ArrayList.java:1511)
... Removed 30 stack frames]]>
    </failure>
  </testcase> <!-- isForgotPwdLinkExistTest -->
  <testcase classname="com.qa.opencart.tests.LoginPageTest" name="loginTest" time="0.0">
    <failure type="java.lang.NullPointerException" message="Cannot invoke &amp;quot;java.util.Properties.getProperty(String)&amp;quot; because &amp;quot;this.prop&amp;quot; is null">
      <![CDATA[java.lang.NullPointerException: Cannot invoke "java.util.Properties.getProperty(String)" because "this.prop" is null
at com.qa.opencart.tests.LoginPageTest.loginTest(LoginPageTest.java:30)
at java.base/java.util.ArrayList.forEach(ArrayList.java:1511)
... Removed 30 stack frames]]>
    </failure>
  </testcase> <!-- loginTest -->
  <testcase classname="com.qa.opencart.tests.ProductInfoTest" name="productHeaderTest" time="0.0">
    <skipped/>
  </testcase> <!-- productHeaderTest -->
  <testcase classname="com.qa.opencart.tests.ProductInfoTest" name="productHeaderTest" time="0.0">
    <skipped/>
  </testcase> <!-- productHeaderTest -->
  <testcase classname="com.qa.opencart.tests.ProductInfoTest" name="productHeaderTest" time="0.0">
    <skipped/>
  </testcase> <!-- productHeaderTest -->
  <testcase classname="com.qa.opencart.tests.ProductInfoTest" name="productHeaderTest" time="0.0">
    <skipped/>
  </testcase> <!-- productHeaderTest -->
  <testcase classname="com.qa.opencart.tests.ProductInfoTest" name="productHeaderTest" time="0.0">
    <skipped/>
  </testcase> <!-- productHeaderTest -->
  <testcase classname="com.qa.opencart.tests.ProductInfoTest" name="productHeaderTest" time="0.0">
    <skipped/>
  </testcase> <!-- productHeaderTest -->
  <testcase classname="com.qa.opencart.tests.ProductInfoTest" name="productImagesCountTest" time="0.0">
    <skipped/>
  </testcase> <!-- productImagesCountTest -->
  <testcase classname="com.qa.opencart.tests.ProductInfoTest" name="productImagesCountTest" time="0.0">
    <skipped/>
  </testcase> <!-- productImagesCountTest -->
  <testcase classname="com.qa.opencart.tests.ProductInfoTest" name="productImagesCountTest" time="0.0">
    <skipped/>
  </testcase> <!-- productImagesCountTest -->
  <testcase classname="com.qa.opencart.tests.ProductInfoTest" name="productImagesCountTest" time="0.0">
    <skipped/>
  </testcase> <!-- productImagesCountTest -->
  <testcase classname="com.qa.opencart.tests.ProductInfoTest" name="productImagesCountTest" time="0.0">
    <skipped/>
  </testcase> <!-- productImagesCountTest -->
  <testcase classname="com.qa.opencart.tests.ProductInfoTest" name="productImagesCountTest" time="0.0">
    <skipped/>
  </testcase> <!-- productImagesCountTest -->
  <testcase classname="com.qa.opencart.tests.ProductInfoTest" name="productInfoTest" time="0.0">
    <skipped/>
  </testcase> <!-- productInfoTest -->
  <testcase classname="com.qa.opencart.tests.RegisterPageTest" name="userRegisterTest" time="0.0">
    <skipped/>
  </testcase> <!-- userRegisterTest -->
  <testcase classname="com.qa.opencart.tests.RegisterPageTest" name="userRegisterTest" time="0.0">
    <skipped/>
  </testcase> <!-- userRegisterTest -->
  <testcase classname="com.qa.opencart.tests.RegisterPageTest" name="userRegisterTest" time="0.0">
    <skipped/>
  </testcase> <!-- userRegisterTest -->
  <testcase classname="com.qa.opencart.base.BaseTest" name="@AfterTest tearDown" time="0.0">
    <ignored/>
  </testcase> <!-- @AfterTest tearDown -->
  <testcase classname="com.qa.opencart.base.BaseTest" name="@BeforeTest setUp" time="0.0">
    <ignored/>
  </testcase> <!-- @BeforeTest setUp -->
  <testcase classname="com.qa.opencart.base.BaseTest" name="@AfterTest tearDown" time="0.0">
    <ignored/>
  </testcase> <!-- @AfterTest tearDown -->
  <testcase classname="com.qa.opencart.base.BaseTest" name="@AfterTest tearDown" time="0.0">
    <ignored/>
  </testcase> <!-- @AfterTest tearDown -->
  <testcase classname="com.qa.opencart.base.BaseTest" name="@BeforeTest setUp" time="0.0">
    <ignored/>
  </testcase> <!-- @BeforeTest setUp -->
  <testcase classname="com.qa.opencart.base.BaseTest" name="@BeforeTest setUp" time="0.0">
    <ignored/>
  </testcase> <!-- @BeforeTest setUp -->
  <testcase classname="com.qa.opencart.base.BaseTest" name="@AfterTest tearDown" time="0.0">
    <ignored/>
  </testcase> <!-- @AfterTest tearDown -->
  <testcase classname="com.qa.opencart.base.BaseTest" name="@BeforeTest setUp" time="0.0">
    <ignored/>
  </testcase> <!-- @BeforeTest setUp -->
</testsuite> <!-- Surefire test -->
